<?xml version="1.0" encoding="UTF-8"?>
<!-- Generated by org.testng.reporters.JUnitReportReporter -->
<testsuite hostname="DESKTOP-RC5PJRD" failures="0" tests="3" name="TestCases.LambdaTestP1" time="26.562" errors="0" timestamp="2022-07-17T08:56:07 IST" skipped="0">
  <testcase classname="TestCases.LambdaTestP1" name="TestScenario2" time="5.693"/>
  <system-out/>
  <testcase classname="TestCases.LambdaTestP1" name="TestScenario1" time="5.224"/>
  <system-out/>
  <testcase classname="TestCases.LambdaTestP1" name="TestScenario3" time="15.645"/>
  <system-out/>
</testsuite> <!-- TestCases.LambdaTestP1 -->
